<?xml version="1.0" encoding="UTF-8"?>
<!-- Generated by org.testng.reporters.JUnitReportReporter -->
<testsuite hostname="ashishsri" failures="0" tests="4" name="DatbaseTest.FirstDataBasetest" time="0.121" errors="0" timestamp="2023-04-02T20:04:53 IST" skipped="0">
  <testcase classname="DatbaseTest.FirstDataBasetest" name="storedProcedureExists" time="0.046"/>
  <system-out/>
  <testcase classname="DatbaseTest.FirstDataBasetest" name="comapareAllColumns" time="0.055"/>
  <system-out/>
  <testcase classname="DatbaseTest.FirstDataBasetest" name="CompareWithparameter" time="0.012"/>
  <system-out/>
  <testcase classname="DatbaseTest.FirstDataBasetest" name="withtwoparameters" time="0.008"/>
  <system-out/>
</testsuite> <!-- DatbaseTest.FirstDataBasetest -->
